1614510664367	geckodriver	INFO	Listening on 127.0.0.1:60421
1614510667437	mozrunner::runner	INFO	Running command: "C:\\Program Files\\Mozilla Firefox\\firefox.exe" "--marionette" "-foreground" "-no-remote" "-profile" "C:\\Users\\Szymon\\AppData\\Local\\Temp\\rust_mozprofile8CZumR"
console.warn: SearchSettings: "get: No settings file exists, new profile?" (new Error("", "(unknown module)"))
1614510669556	Marionette	INFO	Listening on port 60429
1614510669633	Marionette	WARN	TLS certificate errors will be ignored for this session
1614510677336	Marionette	INFO	Stopped listening on port 60429

###!!! [Child][RunMessage] Error: Channel closing: too late to send/recv, messages will be lost

1614510709027	geckodriver	INFO	Listening on 127.0.0.1:60458
1614510712127	mozrunner::runner	INFO	Running command: "C:\\Program Files\\Mozilla Firefox\\firefox.exe" "--marionette" "-foreground" "-no-remote" "-profile" "C:\\Users\\Szymon\\AppData\\Local\\Temp\\rust_mozprofilefiLplr"
console.warn: SearchSettings: "get: No settings file exists, new profile?" (new Error("", "(unknown module)"))
1614510714026	Marionette	INFO	Listening on port 60466
1614510714198	Marionette	WARN	TLS certificate errors will be ignored for this session
1614510743879	Marionette	INFO	Stopped listening on port 60466

###!!! [Child][RunMessage] Error: Channel closing: too late to send/recv, messages will be lost

1614510744992	geckodriver	INFO	Listening on 127.0.0.1:60497
1614510748057	mozrunner::runner	INFO	Running command: "C:\\Program Files\\Mozilla Firefox\\firefox.exe" "--marionette" "-foreground" "-no-remote" "-profile" "C:\\Users\\Szymon\\AppData\\Local\\Temp\\rust_mozprofileh8VgRq"
console.warn: SearchSettings: "get: No settings file exists, new profile?" (new Error("", "(unknown module)"))
1614510750014	Marionette	INFO	Listening on port 60505
1614510750122	Marionette	WARN	TLS certificate errors will be ignored for this session
1614510761034	Marionette	INFO	Stopped listening on port 60505

###!!! [Child][RunMessage] Error: Channel closing: too late to send/recv, messages will be lost

1614510762167	geckodriver	INFO	Listening on 127.0.0.1:60530
1614510765227	mozrunner::runner	INFO	Running command: "C:\\Program Files\\Mozilla Firefox\\firefox.exe" "--marionette" "-foreground" "-no-remote" "-profile" "C:\\Users\\Szymon\\AppData\\Local\\Temp\\rust_mozprofilev6sLs7"
console.warn: SearchSettings: "get: No settings file exists, new profile?" (new Error("", "(unknown module)"))
1614510767281	Marionette	INFO	Listening on port 60538
1614510767322	Marionette	WARN	TLS certificate errors will be ignored for this session
1614510770556	Marionette	INFO	Stopped listening on port 60538

###!!! [Child][RunMessage] Error: Channel closing: too late to send/recv, messages will be lost

1614511018567	geckodriver	INFO	Listening on 127.0.0.1:60632
1614511021686	mozrunner::runner	INFO	Running command: "C:\\Program Files\\Mozilla Firefox\\firefox.exe" "--marionette" "-foreground" "-no-remote" "-profile" "C:\\Users\\Szymon\\AppData\\Local\\Temp\\rust_mozprofileXX4RTZ"
console.warn: SearchSettings: "get: No settings file exists, new profile?" (new Error("", "(unknown module)"))
1614511023582	Marionette	INFO	Listening on port 60640
1614511023779	Marionette	WARN	TLS certificate errors will be ignored for this session
JavaScript error: resource://gre/actors/AutoCompleteChild.jsm, line 125: Error: Invalid autocomplete selectedIndex
JavaScript error: resource://gre/actors/AutoCompleteChild.jsm, line 125: Error: Invalid autocomplete selectedIndex
JavaScript error: resource://gre/modules/LoginManagerChild.jsm, line 190: NS_ERROR_XPC_JAVASCRIPT_ERROR_WITH_DETAILS: [JavaScript Error: "Invalid autocomplete selectedIndex" {file: "resource://gre/actors/AutoCompleteChild.jsm" line: 125}]'[JavaScript Error: "Invalid autocomplete selectedIndex" {file: "resource://gre/actors/AutoCompleteChild.jsm" line: 125}]' when calling method: [nsIAutoCompletePopup::selectedIndex]
SourceActor threw an exception: [Exception... "Component returned failure code: 0x80470002 (NS_BASE_STREAM_CLOSED) [nsIInputStream.available]"  nsresult: "0x80470002 (NS_BASE_STREAM_CLOSED)"  location: "JS frame :: resource://devtools/shared/DevToolsUtils.js :: onResponse :: line 567"  data: no]
Stack: onResponse@resource://devtools/shared/DevToolsUtils.js:567:34
onStopRequest@resource://gre/modules/NetUtil.jsm:128:18
Line: 567, column: 0
console.error: ({})
JavaScript error: resource://devtools/shared/DevToolsUtils.js, line 567: NS_BASE_STREAM_CLOSED: Component returned failure code: 0x80470002 (NS_BASE_STREAM_CLOSED) [nsIInputStream.available]
Handler function threw an exception: [Exception... "Component returned failure code: 0x80040111 (NS_ERROR_NOT_AVAILABLE) [nsIHttpChannelInternal.remoteAddress]"  nsresult: "0x80040111 (NS_ERROR_NOT_AVAILABLE)"  location: "JS frame :: resource://devtools/server/actors/network-monitor/network-observer.js :: _onResponseHeader :: line 1186"  data: no]
Stack: _onResponseHeader@resource://devtools/server/actors/network-monitor/network-observer.js:1186:5
_dispatchActivity@resource://devtools/server/actors/network-monitor/network-observer.js:631:14
NetworkObserver.prototype.observeActivity<@resource://devtools/server/actors/network-monitor/network-observer.js:740:12
exports.makeInfallible/<@resource://devtools/shared/ThreadSafeDevToolsUtils.js:103:22
Line: 1186, column: 0
console.error: ({})
Handler function threw an exception: TypeError: undefined has no properties
Stack: _getWaitTiming@resource://devtools/server/actors/network-monitor/network-observer.js:1285:1
_setupHarTimings@resource://devtools/server/actors/network-monitor/network-observer.js:1510:28
_onTransactionClose@resource://devtools/server/actors/network-monitor/network-observer.js:1233:27
_dispatchActivity@resource://devtools/server/actors/network-monitor/network-observer.js:634:14
NetworkObserver.prototype.observeActivity<@resource://devtools/server/actors/network-monitor/network-observer.js:740:12
exports.makeInfallible/<@resource://devtools/shared/ThreadSafeDevToolsUtils.js:103:22
Line: 1285, column: 1
console.error: (new TypeError("undefined has no properties", "resource://devtools/server/actors/network-monitor/network-observer.js", 1285))
console.error: (new TypeError("parent is null", "resource://devtools/client/inspector/shared/style-change-tracker.js", 67))
TypeError: parent is null: canMutationImpactCurrentStyles@resource://devtools/client/inspector/shared/style-change-tracker.js:67:24
onMutations@resource://devtools/client/inspector/shared/style-change-tracker.js:84:41
_emit@resource://devtools/shared/event-emitter.js:226:34
emit@resource://devtools/shared/event-emitter.js:172:18
emit@resource://devtools/shared/event-emitter.js:324:18
getMutations@resource://devtools/client/fronts/walker.js:358:10

console.error: (new TypeError("container.node.targetFront is null", "resource://devtools/client/inspector/markup/markup.js", 2305))
1614511144797	Marionette	INFO	Stopped listening on port 60640
1614511147205	geckodriver	INFO	Listening on 127.0.0.1:60698
1614511150305	mozrunner::runner	INFO	Running command: "C:\\Program Files\\Mozilla Firefox\\firefox.exe" "--marionette" "-foreground" "-no-remote" "-profile" "C:\\Users\\Szymon\\AppData\\Local\\Temp\\rust_mozprofilemk5zTm"
console.warn: SearchSettings: "get: No settings file exists, new profile?" (new Error("", "(unknown module)"))
1614511152374	Marionette	INFO	Listening on port 60706
1614511152493	Marionette	WARN	TLS certificate errors will be ignored for this session
1614511175630	Marionette	INFO	Stopped listening on port 60706

###!!! [Child][RunMessage] Error: Channel closing: too late to send/recv, messages will be lost

1614511265450	geckodriver	INFO	Listening on 127.0.0.1:60768
1614511268545	mozrunner::runner	INFO	Running command: "C:\\Program Files\\Mozilla Firefox\\firefox.exe" "--marionette" "-foreground" "-no-remote" "-profile" "C:\\Users\\Szymon\\AppData\\Local\\Temp\\rust_mozprofileW9nhJU"
console.warn: SearchSettings: "get: No settings file exists, new profile?" (new Error("", "(unknown module)"))
1614511270502	Marionette	INFO	Listening on port 60776
1614511270628	Marionette	WARN	TLS certificate errors will be ignored for this session
1614511282798	Marionette	INFO	Stopped listening on port 60776

###!!! [Child][RunMessage] Error: Channel closing: too late to send/recv, messages will be lost

1614511283885	geckodriver	INFO	Listening on 127.0.0.1:60810
1614511286975	mozrunner::runner	INFO	Running command: "C:\\Program Files\\Mozilla Firefox\\firefox.exe" "--marionette" "-foreground" "-no-remote" "-profile" "C:\\Users\\Szymon\\AppData\\Local\\Temp\\rust_mozprofilevsotPO"
console.warn: SearchSettings: "get: No settings file exists, new profile?" (new Error("", "(unknown module)"))
1614511289025	Marionette	INFO	Listening on port 60818
1614511289040	Marionette	WARN	TLS certificate errors will be ignored for this session
1614511608082	Marionette	INFO	Stopped listening on port 60818

###!!! [Child][RunMessage] Error: Channel closing: too late to send/recv, messages will be lost

"--marionette" "-foreground" "-no-remote" "-profile" "C:\\Users\\Szymon\\AppData\\Local\\Temp\\rust_mozprofileDVokdV"
console.warn: SearchSettings: "get: No settings file exists, new profile?" (new Error("", "(unknown module)"))
1614511521825	Marionette	INFO	Listening on port 60917
1614511521903	Marionette	WARN	TLS certificate errors will be ignored for this session
1614511600558	Marionette	INFO	Stopped listening on port 60917

###!!! [Child][RunMessage] Error: Channel closing: too late to send/recv, messages will be lost

"--marionette" "-foreground" "-no-remote" "-profile" "C:\\Users\\Szymon\\AppData\\Local\\Temp\\rust_mozprofilembIjcg"
console.warn: SearchSettings: "get: No settings file exists, new profile?" (new Error("", "(unknown module)"))
1614511567284	Marionette	INFO	Listening on port 60979
1614511567339	Marionette	WARN	TLS certificate errors will be ignored for this session
1614511603065	Marionette	INFO	Stopped listening on port 60979

###!!! [Child][RunMessage] Error: Channel closing: too late to send/recv, messages will be lost

1614512489788	geckodriver	INFO	Listening on 127.0.0.1:61262
1614512492870	mozrunner::runner	INFO	Running command: "C:\\Program Files\\Mozilla Firefox\\firefox.exe" "--marionette" "-foreground" "-no-remote" "-profile" "C:\\Users\\Szymon\\AppData\\Local\\Temp\\rust_mozprofileKMddwx"
console.warn: SearchSettings: "get: No settings file exists, new profile?" (new Error("", "(unknown module)"))
1614512494843	Marionette	INFO	Listening on port 61270
1614512494917	Marionette	WARN	TLS certificate errors will be ignored for this session
1614512499163	Marionette	INFO	Stopped listening on port 61270

###!!! [Child][RunMessage] Error: Channel closing: too late to send/recv, messages will be lost

1614512567423	geckodriver	INFO	Listening on 127.0.0.1:61315
1614512570528	mozrunner::runner	INFO	Running command: "C:\\Program Files\\Mozilla Firefox\\firefox.exe" "--marionette" "-foreground" "-no-remote" "-profile" "C:\\Users\\Szymon\\AppData\\Local\\Temp\\rust_mozprofileW5lSyu"
console.warn: SearchSettings: "get: No settings file exists, new profile?" (new Error("", "(unknown module)"))
1614512572520	Marionette	INFO	Listening on port 61323
1614512572601	Marionette	WARN	TLS certificate errors will be ignored for this session
JavaScript error: resource://activity-stream/lib/ASRouter.jsm, line 988: NS_ERROR_ILLEGAL_VALUE: Component returned failure code: 0x80070057 (NS_ERROR_ILLEGAL_VALUE) [nsIObserverService.removeObserver]
[Parent 4372, IPC I/O Parent] WARNING: file /builds/worker/checkouts/gecko/ipc/chromium/src/base/process_util_win.cc:167
1614512573173	Marionette	INFO	Stopped listening on port 61323
1614512600752	geckodriver	INFO	Listening on 127.0.0.1:61348
1614512603858	mozrunner::runner	INFO	Running command: "C:\\Program Files\\Mozilla Firefox\\firefox.exe" "--marionette" "-foreground" "-no-remote" "-profile" "C:\\Users\\Szymon\\AppData\\Local\\Temp\\rust_mozprofileupp2pJ"
console.warn: SearchSettings: "get: No settings file exists, new profile?" (new Error("", "(unknown module)"))
1614512606042	Marionette	INFO	Listening on port 61356
1614512606560	Marionette	WARN	TLS certificate errors will be ignored for this session
1614512733750	Marionette	INFO	Stopped listening on port 61356

###!!! [Child][RunMessage] Error: Channel closing: too late to send/recv, messages will be lost

"--marionette" "-foreground" "-no-remote" "-profile" "C:\\Users\\Szymon\\AppData\\Local\\Temp\\rust_mozprofileN7TnF4"
console.warn: SearchSettings: "get: No settings file exists, new profile?" (new Error("", "(unknown module)"))
1614512674864	Marionette	INFO	Listening on port 61424
1614512674990	Marionette	WARN	TLS certificate errors will be ignored for this session
1614512680104	Marionette	INFO	Stopped listening on port 61424

###!!! [Child][RunMessage] Error: Channel closing: too late to send/recv, messages will be lost

1614512735327	geckodriver	INFO	Listening on 127.0.0.1:61483
1614512738428	mozrunner::runner	INFO	Running command: "C:\\Program Files\\Mozilla Firefox\\firefox.exe" "--marionette" "-foreground" "-no-remote" "-profile" "C:\\Users\\Szymon\\AppData\\Local\\Temp\\rust_mozprofile17gxlB"
console.warn: SearchSettings: "get: No settings file exists, new profile?" (new Error("", "(unknown module)"))
1614512740474	Marionette	INFO	Listening on port 61491
1614512740506	Marionette	WARN	TLS certificate errors will be ignored for this session
1614512763734	Marionette	INFO	Stopped listening on port 61491

###!!! [Child][RunMessage] Error: Channel closing: too late to send/recv, messages will be lost

1614512765157	geckodriver	INFO	Listening on 127.0.0.1:61527
1614512768237	mozrunner::runner	INFO	Running command: "C:\\Program Files\\Mozilla Firefox\\firefox.exe" "--marionette" "-foreground" "-no-remote" "-profile" "C:\\Users\\Szymon\\AppData\\Local\\Temp\\rust_mozprofileiKB6QL"
console.warn: SearchSettings: "get: No settings file exists, new profile?" (new Error("", "(unknown module)"))
1614512770256	Marionette	INFO	Listening on port 61535
1614512770315	Marionette	WARN	TLS certificate errors will be ignored for this session
1614512790843	Marionette	INFO	Stopped listening on port 61535

###!!! [Child][RunMessage] Error: Channel closing: too late to send/recv, messages will be lost

1614517303715	geckodriver	INFO	Listening on 127.0.0.1:61865
1614517306824	mozrunner::runner	INFO	Running command: "C:\\Program Files\\Mozilla Firefox\\firefox.exe" "--marionette" "-foreground" "-no-remote" "-profile" "C:\\Users\\Szymon\\AppData\\Local\\Temp\\rust_mozprofilec21BGr"
console.warn: SearchSettings: "get: No settings file exists, new profile?" (new Error("", "(unknown module)"))
1614517308914	Marionette	INFO	Listening on port 61873
1614517309003	Marionette	WARN	TLS certificate errors will be ignored for this session
1614517323164	Marionette	INFO	Stopped listening on port 61873

###!!! [Child][RunMessage] Error: Channel closing: too late to send/recv, messages will be lost

1614517350744	geckodriver	INFO	Listening on 127.0.0.1:61935
1614517353774	mozrunner::runner	INFO	Running command: "C:\\Program Files\\Mozilla Firefox\\firefox.exe" "--marionette" "-foreground" "-no-remote" "-profile" "C:\\Users\\Szymon\\AppData\\Local\\Temp\\rust_mozprofileYTEJNi"
console.warn: SearchSettings: "get: No settings file exists, new profile?" (new Error("", "(unknown module)"))
1614517355674	Marionette	INFO	Listening on port 61943
1614517355838	Marionette	WARN	TLS certificate errors will be ignored for this session
1614517376310	Marionette	INFO	Stopped listening on port 61943

###!!! [Child][RunMessage] Error: Channel closing: too late to send/recv, messages will be lost

1614517487394	geckodriver	INFO	Listening on 127.0.0.1:62016
1614517490504	mozrunner::runner	INFO	Running command: "C:\\Program Files\\Mozilla Firefox\\firefox.exe" "--marionette" "-foreground" "-no-remote" "-profile" "C:\\Users\\Szymon\\AppData\\Local\\Temp\\rust_mozprofilekm9tO4"
console.warn: SearchSettings: "get: No settings file exists, new profile?" (new Error("", "(unknown module)"))
1614517492566	Marionette	INFO	Listening on port 62024
1614517492587	Marionette	WARN	TLS certificate errors will be ignored for this session
SourceActor threw an exception: [Exception... "Component returned failure code: 0x80470002 (NS_BASE_STREAM_CLOSED) [nsIInputStream.available]"  nsresult: "0x80470002 (NS_BASE_STREAM_CLOSED)"  location: "JS frame :: resource://devtools/shared/DevToolsUtils.js :: onResponse :: line 567"  data: no]
Stack: onResponse@resource://devtools/shared/DevToolsUtils.js:567:34
onStopRequest@resource://gre/modules/NetUtil.jsm:128:18
Line: 567, column: 0
console.error: ({})
JavaScript error: resource://devtools/shared/DevToolsUtils.js, line 567: NS_BASE_STREAM_CLOSED: Component returned failure code: 0x80470002 (NS_BASE_STREAM_CLOSED) [nsIInputStream.available]
1614517747723	Marionette	INFO	Stopped listening on port 62024
4517639094	mozrunner::runner	INFO	Running command: "C:\\Program Files\\Mozilla Firefox\\firefox.exe" "--marionette" "-foreground" "-no-remote" "-profile" "C:\\Users\\Szymon\\AppData\\Local\\Temp\\rust_mozprofilevxdr8Y"
console.warn: SearchSettings: "get: No settings file exists, new profile?" (new Error("", "(unknown module)"))
1614517641041	Marionette	INFO	Listening on port 62108
1614517641188	Marionette	WARN	TLS certificate errors will be ignored for this session
SourceActor threw an exception: [Exception... "Component returned failure code: 0x80470002 (NS_BASE_STREAM_CLOSED) [nsIInputStream.available]"  nsresult: "0x80470002 (NS_BASE_STREAM_CLOSED)"  location: "JS frame :: resource://devtools/shared/DevToolsUtils.js :: onResponse :: line 567"  data: no]
Stack: onResponse@resource://devtools/shared/DevToolsUtils.js:567:34
onStopRequest@resource://gre/modules/NetUtil.jsm:128:18
Line: 567, column: 0
console.error: ({})
JavaScript error: resource://devtools/shared/DevToolsUtils.js, line 567: NS_BASE_STREAM_CLOSED: Component returned failure code: 0x80470002 (NS_BASE_STREAM_CLOSED) [nsIInputStream.available]
1614517748676	Marionette	INFO	Stopped listening on port 62108

###!!! [Child][RunMessage] Error: Channel closing: too late to send/recv, messages will be lost

"--marionette" "-foreground" "-no-remote" "-profile" "C:\\Users\\Szymon\\AppData\\Local\\Temp\\rust_mozprofilerHNk4a"
console.warn: SearchSettings: "get: No settings file exists, new profile?" (new Error("", "(unknown module)"))
1614517703612	Marionette	INFO	Listening on port 62206
1614517704007	Marionette	WARN	TLS certificate errors will be ignored for this session
SourceActor threw an exception: [Exception... "Component returned failure code: 0x80470002 (NS_BASE_STREAM_CLOSED) [nsIInputStream.available]"  nsresult: "0x80470002 (NS_BASE_STREAM_CLOSED)"  location: "JS frame :: resource://devtools/shared/DevToolsUtils.js :: onResponse :: line 567"  data: no]
Stack: onResponse@resource://devtools/shared/DevToolsUtils.js:567:34
onStopRequest@resource://gre/modules/NetUtil.jsm:128:18
Line: 567, column: 0
console.error: ({})
JavaScript error: resource://devtools/shared/DevToolsUtils.js, line 567: NS_BASE_STREAM_CLOSED: Component returned failure code: 0x80470002 (NS_BASE_STREAM_CLOSED) [nsIInputStream.available]
1614517784688	Marionette	INFO	Stopped listening on port 62206
1614517786133	geckodriver	INFO	Listening on 127.0.0.1:62288
1614517789253	mozrunner::runner	INFO	Running command: "C:\\Program Files\\Mozilla Firefox\\firefox.exe" "--marionette" "-foreground" "-no-remote" "-profile" "C:\\Users\\Szymon\\AppData\\Local\\Temp\\rust_mozprofileGPvlGl"
console.warn: SearchSettings: "get: No settings file exists, new profile?" (new Error("", "(unknown module)"))
1614517791210	Marionette	INFO	Listening on port 62296
1614517791326	Marionette	WARN	TLS certificate errors will be ignored for this session
1614517810634	Marionette	WARN	TimedPromise timed out after 500 ms: stacktrace:
TimedPromise/<@chrome://marionette/content/sync.js:231:19
TimedPromise@chrome://marionette/content/sync.js:216:10
interaction.flushEventLoop@chrome://marionette/content/interaction.js:433:10
webdriverClickElement@chrome://marionette/content/interaction.js:179:31
1614517992466	Marionette	INFO	Stopped listening on port 62296

###!!! [Child][RunMessage] Error: Channel closing: too late to send/recv, messages will be lost

"--marionette" "-foreground" "-no-remote" "-profile" "C:\\Users\\Szymon\\AppData\\Local\\Temp\\rust_mozprofilemR76e8"
console.warn: SearchSettings: "get: No settings file exists, new profile?" (new Error("", "(unknown module)"))
1614517928726	Marionette	INFO	Listening on port 62376
1614517928866	Marionette	WARN	TLS certificate errors will be ignored for this session
1614517991624	Marionette	INFO	Stopped listening on port 62376

###!!! [Child][RunMessage] Error: Channel closing: too late to send/recv, messages will be lost

1614517996262	geckodriver	INFO	Listening on 127.0.0.1:62441
1614517999363	mozrunner::runner	INFO	Running command: "C:\\Program Files\\Mozilla Firefox\\firefox.exe" "--marionette" "-foreground" "-no-remote" "-profile" "C:\\Users\\Szymon\\AppData\\Local\\Temp\\rust_mozprofile3QkuOL"
console.warn: SearchSettings: "get: No settings file exists, new profile?" (new Error("", "(unknown module)"))
1614518001263	Marionette	INFO	Listening on port 62449
1614518001436	Marionette	WARN	TLS certificate errors will be ignored for this session
1614518045353	Marionette	INFO	Stopped listening on port 62449

###!!! [Child][RunMessage] Error: Channel closing: too late to send/recv, messages will be lost

"--marionette" "-foreground" "-no-remote" "-profile" "C:\\Users\\Szymon\\AppData\\Local\\Temp\\rust_mozprofilev9BVm3"
console.warn: SearchSettings: "get: No settings file exists, new profile?" (new Error("", "(unknown module)"))
1614518006553	Marionette	INFO	Listening on port 62499
1614518006649	Marionette	WARN	TLS certificate errors will be ignored for this session
1614518165951	Marionette	INFO	Stopped listening on port 62499

###!!! [Child][RunMessage] Error: Channel closing: too late to send/recv, messages will be lost

"--marionette" "-foreground" "-no-remote" "-profile" "C:\\Users\\Szymon\\AppData\\Local\\Temp\\rust_mozprofile0EyS5W"
console.warn: SearchSettings: "get: No settings file exists, new profile?" (new Error("", "(unknown module)"))
1614518094214	Marionette	INFO	Listening on port 62666
1614518094376	Marionette	WARN	TLS certificate errors will be ignored for this session
1614518128284	Marionette	INFO	Stopped listening on port 62666

###!!! [Child][RunMessage] Error: Channel closing: too late to send/recv, messages will be lost

1614518475766	geckodriver	INFO	Listening on 127.0.0.1:62753
1614518478831	mozrunner::runner	INFO	Running command: "C:\\Program Files\\Mozilla Firefox\\firefox.exe" "--marionette" "-foreground" "-no-remote" "-profile" "C:\\Users\\Szymon\\AppData\\Local\\Temp\\rust_mozprofilexIKbTT"
console.warn: SearchSettings: "get: No settings file exists, new profile?" (new Error("", "(unknown module)"))
1614518480964	Marionette	INFO	Listening on port 62761
1614518481049	Marionette	WARN	TLS certificate errors will be ignored for this session
SourceActor threw an exception: [Exception... "Component returned failure code: 0x80470002 (NS_BASE_STREAM_CLOSED) [nsIInputStream.available]"  nsresult: "0x80470002 (NS_BASE_STREAM_CLOSED)"  location: "JS frame :: resource://devtools/shared/DevToolsUtils.js :: onResponse :: line 567"  data: no]
Stack: onResponse@resource://devtools/shared/DevToolsUtils.js:567:34
onStopRequest@resource://gre/modules/NetUtil.jsm:128:18
Line: 567, column: 0
console.error: ({})
JavaScript error: resource://devtools/shared/DevToolsUtils.js, line 567: NS_BASE_STREAM_CLOSED: Component returned failure code: 0x80470002 (NS_BASE_STREAM_CLOSED) [nsIInputStream.available]
1614518746562	Marionette	INFO	Stopped listening on port 62761

###!!! [Child][RunMessage] Error: Channel closing: too late to send/recv, messages will be lost

1614518899350	geckodriver	INFO	Listening on 127.0.0.1:62896
1614518902420	mozrunner::runner	INFO	Running command: "C:\\Program Files\\Mozilla Firefox\\firefox.exe" "--marionette" "-foreground" "-no-remote" "-profile" "C:\\Users\\Szymon\\AppData\\Local\\Temp\\rust_mozprofiletN5nhW"
console.warn: SearchSettings: "get: No settings file exists, new profile?" (new Error("", "(unknown module)"))
1614518904549	Marionette	INFO	Listening on port 62904
1614518904603	Marionette	WARN	TLS certificate errors will be ignored for this session
1614519043723	Marionette	INFO	Stopped listening on port 62904

###!!! [Child][RunMessage] Error: Channel closing: too late to send/recv, messages will be lost

"--marionette" "-foreground" "-no-remote" "-profile" "C:\\Users\\Szymon\\AppData\\Local\\Temp\\rust_mozprofileamoIgA"
console.warn: SearchSettings: "get: No settings file exists, new profile?" (new Error("", "(unknown module)"))
1614518980344	Marionette	INFO	Listening on port 62979
1614518980374	Marionette	WARN	TLS certificate errors will be ignored for this session
1614519576665	Marionette	INFO	Stopped listening on port 62979

###!!! [Child][RunMessage] Error: Channel closing: too late to send/recv, messages will be lost

"--marionette" "-foreground" "-no-remote" "-profile" "C:\\Users\\Szymon\\AppData\\Local\\Temp\\rust_mozprofilerHsq3A"
console.warn: SearchSettings: "get: No settings file exists, new profile?" (new Error("", "(unknown module)"))
1614519127036	Marionette	INFO	Listening on port 63070
1614519127098	Marionette	WARN	TLS certificate errors will be ignored for this session
SourceActor threw an exception: [Exception... "Component returned failure code: 0x80470002 (NS_BASE_STREAM_CLOSED) [nsIInputStream.available]"  nsresult: "0x80470002 (NS_BASE_STREAM_CLOSED)"  location: "JS frame :: resource://devtools/shared/DevToolsUtils.js :: onResponse :: line 567"  data: no]
Stack: onResponse@resource://devtools/shared/DevToolsUtils.js:567:34
onStopRequest@resource://gre/modules/NetUtil.jsm:128:18
Line: 567, column: 0
console.error: ({})
JavaScript error: resource://devtools/shared/DevToolsUtils.js, line 567: NS_BASE_STREAM_CLOSED: Component returned failure code: 0x80470002 (NS_BASE_STREAM_CLOSED) [nsIInputStream.available]
Handler function threw an exception: TypeError: topFrame.browsingContext is null
Stack: matchRequest@resource://devtools/server/actors/network-monitor/network-observer.js:130:9
_onRequestHeader@resource://devtools/server/actors/network-monitor/network-observer.js:957:10
NetworkObserver.prototype.observeActivity<@resource://devtools/server/actors/network-monitor/network-observer.js:710:12
exports.makeInfallible/<@resource://devtools/shared/ThreadSafeDevToolsUtils.js:103:22
Line: 130, column: 9
console.error: (new TypeError("topFrame.browsingContext is null", "resource://devtools/server/actors/network-monitor/network-observer.js", 130))
Handler function threw an exception: TypeError: topFrame.browsingContext is null
Stack: matchRequest@resource://devtools/server/actors/network-monitor/network-observer.js:130:9
_onRequestHeader@resource://devtools/server/actors/network-monitor/network-observer.js:957:10
NetworkObserver.prototype.observeActivity<@resource://devtools/server/actors/network-monitor/network-observer.js:710:12
exports.makeInfallible/<@resource://devtools/shared/ThreadSafeDevToolsUtils.js:103:22
Line: 130, column: 9
console.error: (new TypeError("topFrame.browsingContext is null", "resource://devtools/server/actors/network-monitor/network-observer.js", 130))
Handler function _httpResponseExaminer threw an exception: TypeError: topFrame.browsingContext is null
Stack: matchRequest@resource://devtools/server/actors/network-monitor/network-observer.js:130:9
_httpResponseExaminer@resource://devtools/server/actors/network-monitor/network-observer.js:456:10
exports.makeInfallible/<@resource://devtools/shared/ThreadSafeDevToolsUtils.js:103:22
Line: 130, column: 9
console.error: (new TypeError("topFrame.browsingContext is null", "resource://devtools/server/actors/network-monitor/network-observer.js", 130))
Handler function _httpResponseExaminer threw an exception: TypeError: topFrame.browsingContext is null
Stack: matchRequest@resource://devtools/server/actors/network-monitor/network-observer.js:130:9
_httpResponseExaminer@resource://devtools/server/actors/network-monitor/network-observer.js:456:10
exports.makeInfallible/<@resource://devtools/shared/ThreadSafeDevToolsUtils.js:103:22
Line: 130, column: 9
console.error: (new TypeError("topFrame.browsingContext is null", "resource://devtools/server/actors/network-monitor/network-observer.js", 130))
1614519580474	Marionette	INFO	Stopped listening on port 63070

###!!! [Child][RunMessage] Error: Channel closing: too late to send/recv, messages will be lost

"--marionette" "-foreground" "-no-remote" "-profile" "C:\\Users\\Szymon\\AppData\\Local\\Temp\\rust_mozprofilepRij5f"
console.warn: SearchSettings: "get: No settings file exists, new profile?" (new Error("", "(unknown module)"))
1614519521978	Marionette	INFO	Listening on port 63203
1614519522081	Marionette	WARN	TLS certificate errors will be ignored for this session
1614519660039	Marionette	INFO	Stopped listening on port 63203

###!!! [Child][RunMessage] Error: Channel closing: too late to send/recv, messages will be lost

"--marionette" "-foreground" "-no-remote" "-profile" "C:\\Users\\Szymon\\AppData\\Local\\Temp\\rust_mozprofile0fLFAD"
console.warn: SearchSettings: "get: No settings file exists, new profile?" (new Error("", "(unknown module)"))
1614519570956	Marionette	INFO	Listening on port 63278
1614519570974	Marionette	WARN	TLS certificate errors will be ignored for this session
1614519657791	Marionette	INFO	Stopped listening on port 63271614519658518	mozrunner::runner	INFO	Running command: "C:\\Program Files\\Mozilla Firefox\\firefox.exe" "--marionette" "-foreground" "-no-remote" "-profile" "C:\\Users\\Szymon\\AppData\\Local\\Temp\\rust_mozprofilest2b9K"
console.warn: SearchSettings: "get: No settings file exists, new profile?" (new Error("", "(unknown module)"))
1614519660601	Marionette	INFO	Listening on port 63359
1614519660716	Marionette	WARN	TLS certificate errors will be ignored for this session
1614519736686	Marionette	INFO	Stopped listening on port 63359

###!!! [Child][RunMessage] Error: Channel closing: too late to send/recv, messages will be lost

1614519738338	geckodriver	INFO	Listening on 127.0.0.1:63433
1614519741428	mozrunner::runner	INFO	Running command: "C:\\Program Files\\Mozilla Firefox\\firefox.exe" "--marionette" "-foreground" "-no-remote" "-profile" "C:\\Users\\Szymon\\AppData\\Local\\Temp\\rust_mozprofileRGYbQJ"
console.warn: SearchSettings: "get: No settings file exists, new profile?" (new Error("", "(unknown module)"))
1614519743352	Marionette	INFO	Listening on port 63441
1614519743514	Marionette	WARN	TLS certificate errors will be ignored for this session
SourceActor threw an exception: [Exception... "Component returned failure code: 0x80470002 (NS_BASE_STREAM_CLOSED) [nsIInputStream.available]"  nsresult: "0x80470002 (NS_BASE_STREAM_CLOSED)"  location: "JS frame :: resource://devtools/shared/DevToolsUtils.js :: onResponse :: line 567"  data: no]
Stack: onResponse@resource://devtools/shared/DevToolsUtils.js:567:34
onStopRequest@resource://gre/modules/NetUtil.jsm:128:18
Line: 567, column: 0
console.error: ({})
JavaScript error: resource://devtools/shared/DevToolsUtils.js, line 567: NS_BASE_STREAM_CLOSED: Component returned failure code: 0x80470002 (NS_BASE_STREAM_CLOSED) [nsIInputStream.available]
1614519911545	Marionette	INFO	Stopped listening on port 63441

###!!! [Child][RunMessage] Error: Channel closing: too late to send/recv, messages will be lost

1614519913167	geckodriver	INFO	Listening on 127.0.0.1:63519
1614519916257	mozrunner::runner	INFO	Running command: "C:\\Program Files\\Mozilla Firefox\\firefox.exe" "--marionette" "-foreground" "-no-remote" "-profile" "C:\\Users\\Szymon\\AppData\\Local\\Temp\\rust_mozprofile0aKPr6"
console.warn: SearchSettings: "get: No settings file exists, new profile?" (new Error("", "(unknown module)"))
1614519918141	Marionette	INFO	Listening on port 63527
1614519918351	Marionette	WARN	TLS certificate errors will be ignored for this session
SourceActor threw an exception: [Exception... "Component returned failure code: 0x80470002 (NS_BASE_STREAM_CLOSED) [nsIInputStream.available]"  nsresult: "0x80470002 (NS_BASE_STREAM_CLOSED)"  location: "JS frame :: resource://devtools/shared/DevToolsUtils.js :: onResponse :: line 567"  data: no]
Stack: onResponse@resource://devtools/shared/DevToolsUtils.js:567:34
onStopRequest@resource://gre/modules/NetUtil.jsm:128:18
Line: 567, column: 0
console.error: ({})
JavaScript error: resource://devtools/shared/DevToolsUtils.js, line 567: NS_BASE_STREAM_CLOSED: Component returned failure code: 0x80470002 (NS_BASE_STREAM_CLOSED) [nsIInputStream.available]
console.error: (new TypeError("parent is null", "resource://devtools/client/inspector/shared/style-change-tracker.js", 67))
TypeError: parent is null: canMutationImpactCurrentStyles@resource://devtools/client/inspector/shared/style-change-tracker.js:67:24
onMutations@resource://devtools/client/inspector/shared/style-change-tracker.js:84:41
_emit@resource://devtools/shared/event-emitter.js:226:34
emit@resource://devtools/shared/event-emitter.js:172:18
emit@resource://devtools/shared/event-emitter.js:324:18
getMutations@resource://devtools/client/fronts/walker.js:358:10

1614519996526	Marionette	INFO	Stopped listening on port 63527

###!!! [Child][RunMessage] Error: Channel closing: too late to send/recv, messages will be lost

1614519998297	geckodriver	INFO	Listening on 127.0.0.1:63606
1614520001407	mozrunner::runner	INFO	Running command: "C:\\Program Files\\Mozilla Firefox\\firefox.exe" "--marionette" "-foreground" "-no-remote" "-profile" "C:\\Users\\Szymon\\AppData\\Local\\Temp\\rust_mozprofileNwf7ow"
console.warn: SearchSettings: "get: No settings file exists, new profile?" (new Error("", "(unknown module)"))
1614520003432	Marionette	INFO	Listening on port 63614
1614520003506	Marionette	WARN	TLS certificate errors will be ignored for this session
SourceActor threw an exception: [Exception... "Component returned failure code: 0x80470002 (NS_BASE_STREAM_CLOSED) [nsIInputStream.available]"  nsresult: "0x80470002 (NS_BASE_STREAM_CLOSED)"  location: "JS frame :: resource://devtools/shared/DevToolsUtils.js :: onResponse :: line 567"  data: no]
Stack: onResponse@resource://devtools/shared/DevToolsUtils.js:567:34
onStopRequest@resource://gre/modules/NetUtil.jsm:128:18
Line: 567, column: 0
console.error: ({})
JavaScript error: resource://devtools/shared/DevToolsUtils.js, line 567: NS_BASE_STREAM_CLOSED: Component returned failure code: 0x80470002 (NS_BASE_STREAM_CLOSED) [nsIInputStream.available]
console.error: (new TypeError("container.node.targetFront is null", "resource://devtools/client/inspector/markup/markup.js", 2305))
console.error: (new TypeError("parent is null", "resource://devtools/client/inspector/shared/style-change-tracker.js", 67))
TypeError: parent is null: canMutationImpactCurrentStyles@resource://devtools/client/inspector/shared/style-change-tracker.js:67:24
onMutations@resource://devtools/client/inspector/shared/style-change-tracker.js:84:41
_emit@resource://devtools/shared/event-emitter.js:226:34
emit@resource://devtools/shared/event-emitter.js:172:18
emit@resource://devtools/shared/event-emitter.js:324:18
getMutations@resource://devtools/client/fronts/walker.js:358:10

console.error: (new TypeError("container.node.targetFront is null", "resource://devtools/client/inspector/markup/markup.js", 2305))
console.error: (new TypeError("container.node.targetFront is null", "resource://devtools/client/inspector/markup/markup.js", 2305))
1614520244439	Marionette	INFO	Stopped listening on port 63614

###!!! [Child][RunMessage] Error: Channel closing: too late to send/recv, messages will be lost

"--marionette" "-foreground" "-no-remote" "-profile" "C:\\Users\\Szymon\\AppData\\Local\\Temp\\rust_mozprofileUztz5H"
console.warn: SearchSettings: "get: No settings file exists, new profile?" (new Error("", "(unknown module)"))
1614520213092	Marionette	INFO	Listening on port 63706
1614520214564	Marionette	INFO	Stopped listening on port 63706

###!!! [Child][RunMessage] Error: Channel closing: too late to send/recv, messages will be lost

1614520220506	geckodriver	INFO	Listening on 127.0.0.1:63735
1614520245787	geckodriver	INFO	Listening on 127.0.0.1:63738
1614520248896	mozrunner::runner	INFO	Running command: "C:\\Program Files\\Mozilla Firefox\\firefox.exe" "--marionette" "-foreground" "-no-remote" "-profile" "C:\\Users\\Szymon\\AppData\\Local\\Temp\\rust_mozprofile2SDCUw"
console.warn: SearchSettings: "get: No settings file exists, new profile?" (new Error("", "(unknown module)"))
1614520250781	Marionette	INFO	Listening on port 63746
1614520250960	Marionette	WARN	TLS certificate errors will be ignored for this session
JavaScript error: /_/mss/boq-identity/_/js/k=boq-identity.ConsentUi.pl.sF0r-aAcreA.es5.O/am=C0A/d=1/excm=_b,_tp,displayintroui/ed=1/dg=0/wt=2/ct=zgms/rs=AOaEmlGITENZGxDkDjaGJ9fs-SpH9tKa5Q/m=_b,_tp, line 489: NS_ERROR_NOT_INITIALIZED: 
JavaScript error: /_/mss/boq-identity/_/js/k=boq-identity.ConsentUi.pl.sF0r-aAcreA.es5.O/am=C0A/d=1/excm=_b,_tp,displayintroui/ed=1/dg=0/wt=2/ct=zgms/rs=AOaEmlGITENZGxDkDjaGJ9fs-SpH9tKa5Q/m=_b,_tp, line 489: NS_ERROR_NOT_INITIALIZED: 
SourceActor threw an exception: [Exception... "Component returned failure code: 0x80470002 (NS_BASE_STREAM_CLOSED) [nsIInputStream.available]"  nsresult: "0x80470002 (NS_BASE_STREAM_CLOSED)"  location: "JS frame :: resource://devtools/shared/DevToolsUtils.js :: onResponse :: line 567"  data: no]
Stack: onResponse@resource://devtools/shared/DevToolsUtils.js:567:34
onStopRequest@resource://gre/modules/NetUtil.jsm:128:18
Line: 567, column: 0
console.error: ({})
JavaScript error: resource://devtools/shared/DevToolsUtils.js, line 567: NS_BASE_STREAM_CLOSED: Component returned failure code: 0x80470002 (NS_BASE_STREAM_CLOSED) [nsIInputStream.available]
console.error: (new TypeError("parent is null", "resource://devtools/client/inspector/shared/style-change-tracker.js", 67))
TypeError: parent is null: canMutationImpactCurrentStyles@resource://devtools/client/inspector/shared/style-change-tracker.js:67:24
onMutations@resource://devtools/client/inspector/shared/style-change-tracker.js:84:41
_emit@resource://devtools/shared/event-emitter.js:226:34
emit@resource://devtools/shared/event-emitter.js:172:18
emit@resource://devtools/shared/event-emitter.js:324:18
getMutations@resource://devtools/client/fronts/walker.js:358:10

console.error: (new TypeError("container.node.targetFront is null", "resource://devtools/client/inspector/markup/markup.js", 2305))
1614520675075	Marionette	INFO	Stopped listening on port 63746

###!!! [Child][RunMessage] Error: Channel closing: too late to send/recv, messages will be lost

"--marionette" "-foreground" "-no-remote" "-profile" "C:\\Users\\Szymon\\AppData\\Local\\Temp\\rust_mozprofilePBUk8D"
console.warn: SearchSettings: "get: No settings file exists, new profile?" (new Error("", "(unknown module)"))
1614520504314	Marionette	INFO	Listening on port 63958
1614520504428	Marionette	WARN	TLS certificate errors will be ignored for this session
1614520546811	Marionette	INFO	Stopped listening on port 63958

###!!! [Child][RunMessage] Error: Channel closing: too late to send/recv, messages will be lost

1614520641367	geckodriver	INFO	Listening on 127.0.0.1:64036
1614520644435	mozrunner::runner	INFO	Running command: "C:\\Program Files\\Mozilla Firefox\\firefox.exe" "--marionette" "-foreground" "-no-remote" "-profile" "C:\\Users\\Szymon\\AppData\\Local\\Temp\\rust_mozprofilelNu8Pb"
console.warn: SearchSettings: "get: No settings file exists, new profile?" (new Error("", "(unknown module)"))
1614520646522	Marionette	INFO	Listening on port 64044
1614520646644	Marionette	WARN	TLS certificate errors will be ignored for this session
1614520674168	Marionette	INFO	Stopped listening on port 64044

###!!! [Child][RunMessage] Error: Channel closing: too late to send/recv, messages will be lost

1614520679255	geckodriver	INFO	Listening on 127.0.0.1:64115
1614520682355	mozrunner::runner	INFO	Running command: "C:\\Program Files\\Mozilla Firefox\\firefox.exe" "--marionette" "-foreground" "-no-remote" "-profile" "C:\\Users\\Szymon\\AppData\\Local\\Temp\\rust_mozprofilelnGbD1"
console.warn: SearchSettings: "get: No settings file exists, new profile?" (new Error("", "(unknown module)"))
1614520684262	Marionette	INFO	Listening on port 64123
1614520684408	Marionette	WARN	TLS certificate errors will be ignored for this session
1614521475981	Marionette	INFO	Stopped listening on port 64123

###!!! [Child][RunMessage] Error: Channel closing: too late to send/recv, messages will be lost

1614521493613	geckodriver	INFO	Listening on 127.0.0.1:64238
1614521496712	mozrunner::runner	INFO	Running command: "C:\\Program Files\\Mozilla Firefox\\firefox.exe" "--marionette" "-foreground" "-no-remote" "-profile" "C:\\Users\\Szymon\\AppData\\Local\\Temp\\rust_mozprofilepvsqQv"
console.warn: SearchSettings: "get: No settings file exists, new profile?" (new Error("", "(unknown module)"))
1614521498847	Marionette	INFO	Listening on port 64246
1614521498923	Marionette	WARN	TLS certificate errors will be ignored for this session
1614521592544	Marionette	INFO	Stopped listening on port 64246

###!!! [Child][RunMessage] Error: Channel closing: too late to send/recv, messages will be lost

"--marionette" "-foreground" "-no-remote" "-profile" "C:\\Users\\Szymon\\AppData\\Local\\Temp\\rust_mozprofile4pu0vE"
console.warn: SearchSettings: "get: No settings file exists, new profile?" (new Error("", "(unknown module)"))
1614521545554	Marionette	INFO	Listening on port 64324
1614521545666	Marionette	WARN	TLS certificate errors will be ignored for this session
SourceActor threw an exception: [Exception... "Component returned failure code: 0x80470002 (NS_BASE_STREAM_CLOSED) [nsIInputStream.available]"  nsresult: "0x80470002 (NS_BASE_STREAM_CLOSED)"  location: "JS frame :: resource://devtools/shared/DevToolsUtils.js :: onResponse :: line 567"  data: no]
Stack: onResponse@resource://devtools/shared/DevToolsUtils.js:567:34
onStopRequest@resource://gre/modules/NetUtil.jsm:128:18
Line: 567, column: 0
console.error: ({})
JavaScript error: resource://devtools/shared/DevToolsUtils.js, line 567: NS_BASE_STREAM_CLOSED: Component returned failure code: 0x80470002 (NS_BASE_STREAM_CLOSED) [nsIInputStream.available]
JavaScript error: resource://devtools/client/fronts/node.js, line 412: TypeError: this.parentFront is null
1614521891511	Marionette	INFO	Stopped listening on port 64324

###!!! [Child][RunMessage] Error: Channel closing: too late to send/recv, messages will be lost

"--marionette" "-foreground" "-no-remote" "-profile" "C:\\Users\\Szymon\\AppData\\Local\\Temp\\rust_mozprofile8NQLNq"
console.warn: SearchSettings: "get: No settings file exists, new profile?" (new Error("", "(unknown module)"))
1614521678847	Marionette	INFO	Listening on port 64417
1614521678885	Marionette	WARN	TLS certificate errors will be ignored for this session
1614521893661	Marionette	INFO	Stopped listening on port 64417

###!!! [Child][RunMessage] Error: Channel closing: too late to send/recv, messages will be lost

"--marionette" "-foreground" "-no-remote" "-profile" "C:\\Users\\Szymon\\AppData\\Local\\Temp\\rust_mozprofilewp3rnc"
console.warn: SearchSettings: "get: No settings file exists, new profile?" (new Error("", "(unknown module)"))
1614521752201	Marionette	INFO	Listening on port 64494
1614521752296	Marionette	WARN	TLS certificate errors will be ignored for this session
JavaScript error: resource://activity-stream/lib/ASRouter.jsm, line 988: NS_ERROR_ILLEGAL_VALUE: Component returned failure code: 0x80070057 (NS_ERROR_ILLEGAL_VALUE) [nsIObserverService.removeObserver]
console.error: services.settings: 
  main/message-groups Signature failed  TypeError: NetworkError when attempting to fetch resource.
1614521752711	Marionette	INFO	Stopped listening on port 64494

###!!! [Child][RunMessage] Error: Channel closing: too late to send/recv, messages will be lost

1614521764932	geckodriver	INFO	Listening on 127.0.0.1:64523
1614521768022	mozrunner::runner	INFO	Running command: "C:\\Program Files\\Mozilla Firefox\\firefox.exe" "--marionette" "-foreground" "-no-remote" "-profile" "C:\\Users\\Szymon\\AppData\\Local\\Temp\\rust_mozprofilebHMxI0"
console.warn: SearchSettings: "get: No settings file exists, new profile?" (new Error("", "(unknown module)"))
1614521770078	Marionette	INFO	Listening on port 64531
1614521770113	Marionette	WARN	TLS certificate errors will be ignored for this session
1614521819628	Marionette	INFO	Stopped listening on port 64531

###!!! [Child][RunMessage] Error: Channel closing: too late to send/recv, messages will be lost

1614522013611	geckodriver	INFO	Listening on 127.0.0.1:64680
1614522016701	mozrunner::runner	INFO	Running command: "C:\\Program Files\\Mozilla Firefox\\firefox.exe" "--marionette" "-foreground" "-no-remote" "-profile" "C:\\Users\\Szymon\\AppData\\Local\\Temp\\rust_mozprofileFYxnHr"
console.warn: SearchSettings: "get: No settings file exists, new profile?" (new Error("", "(unknown module)"))
1614522018726	Marionette	INFO	Listening on port 64688
1614522018775	Marionette	WARN	TLS certificate errors will be ignored for this session
1614522020795	Marionette	INFO	Stopped listening on port 64688

###!!! [Child][RunMessage] Error: Channel closing: too late to send/recv, messages will be lost

1614523514207	geckodriver	INFO	Listening on 127.0.0.1:65098
1614523517297	mozrunner::runner	INFO	Running command: "C:\\Program Files\\Mozilla Firefox\\firefox.exe" "--marionette" "-foreground" "-no-remote" "-profile" "C:\\Users\\Szymon\\AppData\\Local\\Temp\\rust_mozprofileSdwTSt"
console.warn: SearchSettings: "get: No settings file exists, new profile?" (new Error("", "(unknown module)"))
1614523519221	Marionette	INFO	Listening on port 65106
1614523519363	Marionette	WARN	TLS certificate errors will be ignored for this session
1614523528339	Marionette	INFO	Stopped listening on port 65106

###!!! [Child][RunMessage] Error: Channel closing: too late to send/recv, messages will be lost

1614523610327	geckodriver	INFO	Listening on 127.0.0.1:65160
1614523613427	mozrunner::runner	INFO	Running command: "C:\\Program Files\\Mozilla Firefox\\firefox.exe" "--marionette" "-foreground" "-no-remote" "-profile" "C:\\Users\\Szymon\\AppData\\Local\\Temp\\rust_mozprofileC8YIbY"
console.warn: SearchSettings: "get: No settings file exists, new profile?" (new Error("", "(unknown module)"))
1614523615389	Marionette	INFO	Listening on port 65168
1614523615483	Marionette	WARN	TLS certificate errors will be ignored for this session
1614523660434	Marionette	INFO	Stopped listening on port 65168

###!!! [Child][RunMessage] Error: Channel closing: too late to send/recv, messages will be lost

1614523733936	geckodriver	INFO	Listening on 127.0.0.1:65253
1614523737036	mozrunner::runner	INFO	Running command: "C:\\Program Files\\Mozilla Firefox\\firefox.exe" "--marionette" "-foreground" "-no-remote" "-profile" "C:\\Users\\Szymon\\AppData\\Local\\Temp\\rust_mozprofileNZDDD5"
console.warn: SearchSettings: "get: No settings file exists, new profile?" (new Error("", "(unknown module)"))
1614523739074	Marionette	INFO	Listening on port 65261
1614523739111	Marionette	WARN	TLS certificate errors will be ignored for this session
1614523749566	Marionette	INFO	Stopped listening on port 65261

###!!! [Child][RunMessage] Error: Channel closing: too late to send/recv, messages will be lost

1614523941906	geckodriver	INFO	Listening on 127.0.0.1:65328
1614523945016	mozrunner::runner	INFO	Running command: "C:\\Program Files\\Mozilla Firefox\\firefox.exe" "--marionette" "-foreground" "-no-remote" "-profile" "C:\\Users\\Szymon\\AppData\\Local\\Temp\\rust_mozprofile34IsEV"
console.warn: SearchSettings: "get: No settings file exists, new profile?" (new Error("", "(unknown module)"))
1614523947081	Marionette	INFO	Listening on port 65336
1614523947102	Marionette	WARN	TLS certificate errors will be ignored for this session
JavaScript error: resource://activity-stream/lib/ASRouter.jsm, line 988: NS_ERROR_ILLEGAL_VALUE: Component returned failure code: 0x80070057 (NS_ERROR_ILLEGAL_VALUE) [nsIObserverService.removeObserver]
[Parent 6896, IPC I/O Parent] WARNING: file /builds/worker/checkouts/gecko/ipc/chromium/src/base/process_util_win.cc:167
1614523949008	Marionette	INFO	Stopped listening on port 65336
1614523984696	geckodriver	INFO	Listening on 127.0.0.1:65371
1614523987806	mozrunner::runner	INFO	Running command: "C:\\Program Files\\Mozilla Firefox\\firefox.exe" "--marionette" "-foreground" "-no-remote" "-profile" "C:\\Users\\Szymon\\AppData\\Local\\Temp\\rust_mozprofileiJPqA3"
console.warn: SearchSettings: "get: No settings file exists, new profile?" (new Error("", "(unknown module)"))
1614523989846	Marionette	INFO	Listening on port 65380
1614523989884	Marionette	WARN	TLS certificate errors will be ignored for this session
1614523991935	Marionette	INFO	Stopped listening on port 65380

###!!! [Child][RunMessage] Error: Channel closing: too late to send/recv, messages will be lost

1614524051215	geckodriver	INFO	Listening on 127.0.0.1:65449
1614524054295	mozrunner::runner	INFO	Running command: "C:\\Program Files\\Mozilla Firefox\\firefox.exe" "--marionette" "-foreground" "-no-remote" "-profile" "C:\\Users\\Szymon\\AppData\\Local\\Temp\\rust_mozprofile0dIdxv"
console.warn: SearchSettings: "get: No settings file exists, new profile?" (new Error("", "(unknown module)"))
1614524056328	Marionette	INFO	Listening on port 65457
1614524056390	Marionette	WARN	TLS certificate errors will be ignored for this session
1614524057997	Marionette	INFO	Stopped listening on port 65457

###!!! [Child][RunMessage] Error: Channel closing: too late to send/recv, messages will be lost

1614524097516	geckodriver	INFO	Listening on 127.0.0.1:65496
1614524100616	mozrunner::runner	INFO	Running command: "C:\\Program Files\\Mozilla Firefox\\firefox.exe" "--marionette" "-foreground" "-no-remote" "-profile" "C:\\Users\\Szymon\\AppData\\Local\\Temp\\rust_mozprofilehQP7Py"
console.warn: SearchSettings: "get: No settings file exists, new profile?" (new Error("", "(unknown module)"))
1614524102574	Marionette	INFO	Listening on port 65504
1614524102689	Marionette	WARN	TLS certificate errors will be ignored for this session
JavaScript error: resource://activity-stream/lib/ASRouter.jsm, line 988: NS_ERROR_ILLEGAL_VALUE: Component returned failure code: 0x80070057 (NS_ERROR_ILLEGAL_VALUE) [nsIObserverService.removeObserver]
console.error: services.settings: 
  main/fxmonitor-breaches Signature failed  TypeError: NetworkError when attempting to fetch resource.
1614524103398	Marionette	INFO	Stopped listening on port 65504

###!!! [Child][RunMessage] Error: Channel closing: too late to send/recv, messages will be lost

1614524128535	geckodriver	INFO	Listening on 127.0.0.1:49152
1614524131617	mozrunner::runner	INFO	Running command: "C:\\Program Files\\Mozilla Firefox\\firefox.exe" "--marionette" "-foreground" "-no-remote" "-profile" "C:\\Users\\Szymon\\AppData\\Local\\Temp\\rust_mozprofileEFVcaU"
console.warn: SearchSettings: "get: No settings file exists, new profile?" (new Error("", "(unknown module)"))
1614524133498	Marionette	INFO	Listening on port 49160
1614524133698	Marionette	WARN	TLS certificate errors will be ignored for this session
1614524135196	Marionette	INFO	Stopped listening on port 49160
1614524201515	geckodriver	INFO	Listening on 127.0.0.1:49209
1614524204605	mozrunner::runner	INFO	Running command: "C:\\Program Files\\Mozilla Firefox\\firefox.exe" "--marionette" "-foreground" "-no-remote" "-profile" "C:\\Users\\Szymon\\AppData\\Local\\Temp\\rust_mozprofilernRAUd"
console.warn: SearchSettings: "get: No settings file exists, new profile?" (new Error("", "(unknown module)"))
1614524206352	Marionette	INFO	Listening on port 49217
1614524206698	Marionette	WARN	TLS certificate errors will be ignored for this session
1614524221996	Marionette	INFO	Stopped listening on port 49217

###!!! [Child][RunMessage] Error: Channel closing: too late to send/recv, messages will be lost

1614524239665	geckodriver	INFO	Listening on 127.0.0.1:49273
1614524242725	mozrunner::runner	INFO	Running command: "C:\\Program Files\\Mozilla Firefox\\firefox.exe" "--marionette" "-foreground" "-no-remote" "-profile" "C:\\Users\\Szymon\\AppData\\Local\\Temp\\rust_mozprofilev6D0YH"
console.warn: SearchSettings: "get: No settings file exists, new profile?" (new Error("", "(unknown module)"))
1614524244851	Marionette	INFO	Listening on port 49281
1614524244918	Marionette	WARN	TLS certificate errors will be ignored for this session
1614524882961	Marionette	INFO	Stopped listening on port 49281
4524306765	mozrunner::runner	INFO	Running command: "C:\\Program Files\\Mozilla Firefox\\firefox.exe" "--marionette" "-foreground" "-no-remote" "-profile" "C:\\Users\\Szymon\\AppData\\Local\\Temp\\rust_mozprofileJH7Uv7"
console.warn: SearchSettings: "get: No settings file exists, new profile?" (new Error("", "(unknown module)"))
1614524308805	Marionette	INFO	Listening on port 49362
1614524308840	Marionette	WARN	TLS certificate errors will be ignored for this session
1614524882065	Marionette	INFO	Stopped listening on port 49362

###!!! [Child][RunMessage] Error: Channel closing: too late to send/recv, messages will be lost

"--marionette" "-foreground" "-no-remote" "-profile" "C:\\Users\\Szymon\\AppData\\Local\\Temp\\rust_mozprofileoPOcNl"
console.warn: SearchSettings: "get: No settings file exists, new profile?" (new Error("", "(unknown module)"))
1614524379784	Marionette	INFO	Listening on port 49436
1614524379939	Marionette	WARN	TLS certificate errors will be ignored for this session
SourceActor threw an exception: [Exception... "Component returned failure code: 0x80470002 (NS_BASE_STREAM_CLOSED) [nsIInputStream.available]"  nsresult: "0x80470002 (NS_BASE_STREAM_CLOSED)"  location: "JS frame :: resource://devtools/shared/DevToolsUtils.js :: onResponse :: line 567"  data: no]
Stack: onResponse@resource://devtools/shared/DevToolsUtils.js:567:34
onStopRequest@resource://gre/modules/NetUtil.jsm:128:18
Line: 567, column: 0
console.error: ({})
JavaScript error: resource://devtools/shared/DevToolsUtils.js, line 567: NS_BASE_STREAM_CLOSED: Component returned failure code: 0x80470002 (NS_BASE_STREAM_CLOSED) [nsIInputStream.available]
console.error: (new TypeError("parent is null", "resource://devtools/client/inspector/shared/style-change-tracker.js", 67))
TypeError: parent is null: canMutationImpactCurrentStyles@resource://devtools/client/inspector/shared/style-change-tracker.js:67:24
onMutations@resource://devtools/client/inspector/shared/style-change-tracker.js:84:41
_emit@resource://devtools/shared/event-emitter.js:226:34
emit@resource://devtools/shared/event-emitter.js:172:18
emit@resource://devtools/shared/event-emitter.js:324:18
getMutations@resource://devtools/client/fronts/walker.js:358:10

console.error: (new TypeError("container.node.targetFront is null", "resource://devtools/client/inspector/markup/markup.js", 2305))
console.error: (new TypeError("container.node.targetFront is null", "resource://devtools/client/inspector/markup/markup.js", 2305))
console.error: (new TypeError("container.node.targetFront is null", "resource://devtools/client/inspector/markup/markup.js", 2305))
console.error: (new TypeError("container.node.targetFront is null", "resource://devtools/client/inspector/markup/markup.js", 2305))
console.error: (new TypeError("container.node.targetFront is null", "resource://devtools/client/inspector/markup/markup.js", 2305))
SourceActor threw an exception: [Exception... "Component returned failure code: 0x80470002 (NS_BASE_STREAM_CLOSED) [nsIInputStream.available]"  nsresult: "0x80470002 (NS_BASE_STREAM_CLOSED)"  location: "JS frame :: resource://devtools/shared/DevToolsUtils.js :: onResponse :: line 567"  data: no]
Stack: onResponse@resource://devtools/shared/DevToolsUtils.js:567:34
onStopRequest@resource://gre/modules/NetUtil.jsm:128:18
Line: 567, column: 0
console.error: ({})
JavaScript error: resource://devtools/shared/DevToolsUtils.js, line 567: NS_BASE_STREAM_CLOSED: Component returned failure code: 0x80470002 (NS_BASE_STREAM_CLOSED) [nsIInputStream.available]
console.error: (new TypeError("container.node.targetFront is null", "resource://devtools/client/inspector/markup/markup.js", 2305))
1614524890036	Marionette	INFO	Stopped listening on port 49436

###!!! [Child][RunMessage] Error: Channel closing: too late to send/recv, messages will be lost

"--marionette" "-foreground" "-no-remote" "-profile" "C:\\Users\\Szymon\\AppData\\Local\\Temp\\rust_mozprofileFHIcDZ"
console.warn: SearchSettings: "get: No settings file exists, new profile?" (new Error("", "(unknown module)"))
1614524671286	Marionette	INFO	Listening on port 49546
1614524671337	Marionette	WARN	TLS certificate errors will be ignored for this session
1614524883754	Marionette	INFO	Stopped listening on port 49546

###!!! [Child][RunMessage] Error: Channel closing: too late to send/recv, messages will be lost

"--marionette" "-foreground" "-no-remote" "-profile" "C:\\Users\\Szymon\\AppData\\Local\\Temp\\rust_mozprofileavpR1t"
console.warn: SearchSettings: "get: No settings file exists, new profile?" (new Error("", "(unknown module)"))
1614524737359	Marionette	INFO	Listening on port 49628
1614524737422	Marionette	WARN	TLS certificate errors will be ignored for this session
SourceActor threw an exception: [Exception... "Component returned failure code: 0x80470002 (NS_BASE_STREAM_CLOSED) [nsIInputStream.available]"  nsresult: "0x80470002 (NS_BASE_STREAM_CLOSED)"  location: "JS frame :: resource://devtools/shared/DevToolsUtils.js :: onResponse :: line 567"  data: no]
Stack: onResponse@resource://devtools/shared/DevToolsUtils.js:567:34
onStopRequest@resource://gre/modules/NetUtil.jsm:128:18
Line: 567, column: 0
console.error: ({})
JavaScript error: resource://devtools/shared/DevToolsUtils.js, line 567: NS_BASE_STREAM_CLOSED: Component returned failure code: 0x80470002 (NS_BASE_STREAM_CLOSED) [nsIInputStream.available]
Handler function threw an exception: [Exception... "Component returned failure code: 0x80040111 (NS_ERROR_NOT_AVAILABLE) [nsIHttpChannelInternal.remoteAddress]"  nsresult: "0x80040111 (NS_ERROR_NOT_AVAILABLE)"  location: "JS frame :: resource://devtools/server/actors/network-monitor/network-observer.js :: _onResponseHeader :: line 1186"  data: no]
Stack: _onResponseHeader@resource://devtools/server/actors/network-monitor/network-observer.js:1186:5
_dispatchActivity@resource://devtools/server/actors/network-monitor/network-observ1614524888830	Marionette	INFO	Stopped listening on port 49725

###!!! [Child][RunMessage] Error: Channel closing: too late to send/recv, messages will be lost

urce://devtools/shared/ThreadSafeDevToolsUtils.js:103:22
Line: 1186, column: 0
console.error: ({})
Handler function threw an exception: TypeError: undefined has no properties
Stack: _getWaitTiming@resource://devtools/server/actors/network-monitor/network-observer.js:1285:1
_setupHarTimings@resource://devtools/server/actors/network-monitor/network-observer.js:1510:28
_onTransactionClose@resource://devtools/server/actors/network-monitor/network-observer.js:1233:27
_dispatchActivity@resource://devtools/server/actors/network-monitor/network-observer.js:634:14
NetworkObserver.prototype.observeActivity<@resource://devtools/server/actors/network-monitor/network-observer.js:740:12
exports.makeInfallible/<@resource://devtools/shared/ThreadSafeDevToolsUtils.js:103:22
Line: 1285, column: 1
console.error: (new TypeError("undefined has no properties", "resource://devtools/server/actors/network-monitor/network-observer.js", 1285))
1614524885714	Marionette	INFO	Stopped listening on port 49628

###!!! [Child][RunMessage] Error: Channel closing: too late to send/recv, messages will be lost

